This is pdfeTeX, Version 3.141592-1.30.4-2.2 (Web2C 7.5.5) (format=pdflatex 2006.6.8)  18 APR 2007 14:57
entering extended mode
\write18 enabled.
**blank.tex
(./blank.tex
LaTeX2e <2005/12/01>
Babel <v3.8d> and hyphenation patterns for american, french, german, ngerman, d
utch, italian, norsk, portuges, spanish, swedish, nohyphenation, loaded.
(/usr/local/teTeX/share/texmf.local/tex/latex/base/report.cls
Document Class: report 2005/09/16 v1.4f Standard LaTeX document class
(/usr/local/teTeX/share/texmf.local/tex/latex/base/size12.clo
File: size12.clo 2005/09/16 v1.4f Standard LaTeX file (size option)
)
\c@part=\count79
\c@chapter=\count80
\c@section=\count81
\c@subsection=\count82
\c@subsubsection=\count83
\c@paragraph=\count84
\c@subparagraph=\count85
\c@figure=\count86
\c@table=\count87
\abovecaptionskip=\skip41
\belowcaptionskip=\skip42
\bibindent=\dimen102
)
(/usr/local/teTeX/share/texmf.tetex/tex/latex/rotating/rotating.sty
Package: rotating 1997/09/26 v2.13 Rotation package

(/usr/local/teTeX/share/texmf.local/tex/latex/graphics/graphicx.sty
Package: graphicx 1999/02/16 v1.0f Enhanced LaTeX Graphics (DPC,SPQR)

(/usr/local/teTeX/share/texmf.local/tex/latex/graphics/keyval.sty
Package: keyval 1999/03/16 v1.13 key=value parser (DPC)
\KV@toks@=\toks14
)
(/usr/local/teTeX/share/texmf.local/tex/latex/graphics/graphics.sty
Package: graphics 2006/02/20 v1.0o Standard LaTeX Graphics (DPC,SPQR)

(/usr/local/teTeX/share/texmf.local/tex/latex/graphics/trig.sty
Package: trig 1999/03/16 v1.09 sin cos tan (DPC)
)
(/usr/local/teTeX/share/texmf.tetex/tex/latex/graphics/graphics.cfg
File: graphics.cfg 2005/02/03 v1.3 graphics configuration of teTeX/TeXLive
)
Package graphics Info: Driver file: pdftex.def on input line 90.

(/usr/local/teTeX/share/texmf.tetex/tex/latex/graphics/pdftex.def
File: pdftex.def 2002/06/19 v0.03k graphics/color for pdftex
\Gread@gobject=\count88
))
\Gin@req@height=\dimen103
\Gin@req@width=\dimen104
)
(/usr/local/teTeX/share/texmf.local/tex/latex/base/ifthen.sty
Package: ifthen 2001/05/26 v1.1c Standard LaTeX ifthen package (DPC)
)
\c@r@tfl@t=\count89
\rot@float@box=\box26
)
(/usr/local/teTeX/share/texmf.tetex/tex/latex/psfrag/psfrag.sty
Package: psfrag 1998/04/11 v3.04 PSfrag (MCG)
\pfg@pcount=\count90
\pfg@scount=\count91
\pfg@temp=\write3
)
(/usr/local/teTeX/share/texmf.local/tex/latex/graphics/epsfig.sty
Package: epsfig 1999/02/16 v1.7a (e)psfig emulation (SPQR)
\epsfxsize=\dimen105
\epsfysize=\dimen106
)
(/usr/local/teTeX/share/texmf.tetex/tex/latex/amsfonts/amssymb.sty
Package: amssymb 2002/01/22 v2.2d

(/usr/local/teTeX/share/texmf.tetex/tex/latex/amsfonts/amsfonts.sty
Package: amsfonts 2001/10/25 v2.2f
\@emptytoks=\toks15
\symAMSa=\mathgroup4
\symAMSb=\mathgroup5
LaTeX Font Info:    Overwriting math alphabet `\mathfrak' in version `bold'
(Font)                  U/euf/m/n --> U/euf/b/n on input line 132.
))
(/usr/local/teTeX/share/texmf.tetex/tex/latex/amsmath/amsmath.sty
Package: amsmath 2000/07/18 v2.13 AMS math features
\@mathmargin=\skip43

For additional information on amsmath, use the `?' option.
(/usr/local/teTeX/share/texmf.tetex/tex/latex/amsmath/amstext.sty
Package: amstext 2000/06/29 v2.01

(/usr/local/teTeX/share/texmf.tetex/tex/latex/amsmath/amsgen.sty
File: amsgen.sty 1999/11/30 v2.0
\@emptytoks=\toks16
\ex@=\dimen107
))
(/usr/local/teTeX/share/texmf.tetex/tex/latex/amsmath/amsbsy.sty
Package: amsbsy 1999/11/29 v1.2d
\pmbraise@=\dimen108
)
(/usr/local/teTeX/share/texmf.tetex/tex/latex/amsmath/amsopn.sty
Package: amsopn 1999/12/14 v2.01 operator names
)
\inf@bad=\count92
LaTeX Info: Redefining \frac on input line 211.
\uproot@=\count93
\leftroot@=\count94
LaTeX Info: Redefining \overline on input line 307.
\classnum@=\count95
\DOTSCASE@=\count96
LaTeX Info: Redefining \ldots on input line 379.
LaTeX Info: Redefining \dots on input line 382.
LaTeX Info: Redefining \cdots on input line 467.
\Mathstrutbox@=\box27
\strutbox@=\box28
\big@size=\dimen109
LaTeX Font Info:    Redeclaring font encoding OML on input line 567.
LaTeX Font Info:    Redeclaring font encoding OMS on input line 568.
\macc@depth=\count97
\c@MaxMatrixCols=\count98
\dotsspace@=\muskip10
\c@parentequation=\count99
\dspbrk@lvl=\count100
\tag@help=\toks17
\row@=\count101
\column@=\count102
\maxfields@=\count103
\andhelp@=\toks18
\eqnshift@=\dimen110
\alignsep@=\dimen111
\tagshift@=\dimen112
\tagwidth@=\dimen113
\totwidth@=\dimen114
\lineht@=\dimen115
\@envbody=\toks19
\multlinegap=\skip44
\multlinetaggap=\skip45
\mathdisplay@stack=\toks20
LaTeX Info: Redefining \[ on input line 2666.
LaTeX Info: Redefining \] on input line 2667.
)
(/usr/local/teTeX/share/texmf.tetex/tex/latex/subfigure/subfigure.sty
Package: subfigure 2002/07/30 v2.1.4 subfigure package
\subfigtopskip=\skip46
\subfigcapskip=\skip47
\subfigcaptopadj=\dimen116
\subfigbottomskip=\skip48
\subfigcapmargin=\dimen117
\subfiglabelskip=\skip49
\c@subfigure=\count104
\c@lofdepth=\count105
\c@subtable=\count106
\c@lotdepth=\count107

****************************************
* Local config file subfigure.cfg used *
****************************************
(/usr/local/teTeX/share/texmf.tetex/tex/latex/subfigure/subfigure.cfg)
\subfig@top=\skip50
\subfig@bottom=\skip51
)
(./blank.aux)
\openout1 = `blank.aux'.

LaTeX Font Info:    Checking defaults for OML/cmm/m/it on input line 14.
LaTeX Font Info:    ... okay on input line 14.
LaTeX Font Info:    Checking defaults for T1/cmr/m/n on input line 14.
LaTeX Font Info:    ... okay on input line 14.
LaTeX Font Info:    Checking defaults for OT1/cmr/m/n on input line 14.
LaTeX Font Info:    ... okay on input line 14.
LaTeX Font Info:    Checking defaults for OMS/cmsy/m/n on input line 14.
LaTeX Font Info:    ... okay on input line 14.
LaTeX Font Info:    Checking defaults for OMX/cmex/m/n on input line 14.
LaTeX Font Info:    ... okay on input line 14.
LaTeX Font Info:    Checking defaults for U/cmr/m/n on input line 14.
LaTeX Font Info:    ... okay on input line 14.
 (/usr/local/teTeX/share/texmf.local/tex/context/base/supp-pdf.tex (/usr/local/
teTeX/share/texmf.local/tex/context/base/supp-mis.tex
loading : Context Support Macros / Miscellaneous (2004.10.26)
\protectiondepth=\count108
\scratchcounter=\count109
\scratchtoks=\toks21
\scratchdimen=\dimen118
\scratchskip=\skip52
\scratchmuskip=\muskip11
\scratchbox=\box29
\scratchread=\read1
\scratchwrite=\write4
\zeropoint=\dimen119
\onepoint=\dimen120
\onebasepoint=\dimen121
\minusone=\count110
\thousandpoint=\dimen122
\onerealpoint=\dimen123
\emptytoks=\toks22
\nextbox=\box30
\nextdepth=\dimen124
\everyline=\toks23
\!!counta=\count111
\!!countb=\count112
\recursecounter=\count113
)
loading : Context Support Macros / PDF (2004.03.26)
\nofMPsegments=\count114
\nofMParguments=\count115
\MPscratchCnt=\count116
\MPscratchDim=\dimen125
\MPnumerator=\count117
\everyMPtoPDFconversion=\toks24
)
LaTeX Font Info:    Try loading font information for U+msa on input line 16.
 (/usr/local/teTeX/share/texmf.tetex/tex/latex/amsfonts/umsa.fd
File: umsa.fd 2002/01/19 v2.2g AMS font definitions
)
LaTeX Font Info:    Try loading font information for U+msb on input line 16.

(/usr/local/teTeX/share/texmf.tetex/tex/latex/amsfonts/umsb.fd
File: umsb.fd 2002/01/19 v2.2g AMS font definitions
) [1
Non-PDF special ignored!

{/usr/local/teTeX/share/texmf.local/fonts/map/pdftex/updmap/pdftex.map}] [1]
Underfull \hbox (badness 10000) in paragraph at lines 51--52

 []

[2] [3]
Underfull \hbox (badness 10000) in paragraph at lines 126--127

 []


Overfull \hbox (11.30994pt too wide) in paragraph at lines 176--176
 []\OT1/cmtt/m/n/12 *Series> map (evaluate expo) (map (*((0:+1)*pi/12)) (take 1
3 $ iterate (1+) 0))[] 
 []

[4] [5] (./blank.aux) ) 
Here is how much of TeX's memory you used:
 2169 strings out of 95125
 26279 string characters out of 1182970
 2072539 words of memory out of 4527292
 5316 multiletter control sequences out of 10000+50000
 12004 words of font info for 48 fonts, out of 2000000 for 2000
 58 hyphenation exceptions out of 5000
 32i,6n,24p,422b,300s stack positions out of 5000i,500n,6000p,200000b,40000s
PDF statistics:
 52 PDF objects out of 300000
 0 named destinations out of 131072
 1 words of extra memory for PDF output out of 10000
</usr/local/teTeX/share/texmf.tetex/fonts/type1/bluesky/
cm/cmr6.pfb></usr/local/teTeX/share/texmf.tetex/fonts/type1/bluesky/cm/cmex10.p
fb></usr/local/teTeX/share/texmf.tetex/fonts/type1/bluesky/cm/cmsy10.pfb></usr/
local/teTeX/share/texmf.tetex/fonts/type1/bluesky/cm/cmsy8.pfb></usr/local/teTe
X/share/texmf.tetex/fonts/type1/bluesky/cm/cmr8.pfb></usr/local/teTeX/share/tex
mf.tetex/fonts/type1/bluesky/cm/cmmi8.pfb></usr/local/teTeX/share/texmf.tetex/f
onts/type1/bluesky/cm/cmmi12.pfb></usr/local/teTeX/share/texmf.tetex/fonts/type
1/bluesky/cm/cmtt12.pfb></usr/local/teTeX/share/texmf.tetex/fonts/type1/bluesky
/cm/cmbx12.pfb></usr/local/teTeX/share/texmf.tetex/fonts/type1/bluesky/cm/cmr12
.pfb></usr/local/teTeX/share/texmf.tetex/fonts/type1/bluesky/cm/cmr17.pfb>
Output written on blank.pdf (6 pages, 63283 bytes).
