This is pdfeTeX, Version 3.141592-1.30.4-2.2 (Web2C 7.5.5) (format=pdflatex 2006.6.8)  13 DEC 2006 11:36
entering extended mode
\write18 enabled.
**resubmit.tex
(./resubmit.tex
LaTeX2e <2005/12/01>
Babel <v3.8d> and hyphenation patterns for american, french, german, ngerman, d
utch, italian, norsk, portuges, spanish, swedish, nohyphenation, loaded.
(/usr/local/teTeX/share/texmf.tetex/tex/latex/memoir/memoir.cls
Document Class: memoir 2004/04/05 v1.61 configurable document class
\onelineskip=\skip41
\lxvchars=\skip42
\xlvchars=\skip43
\@memcnta=\count79
\stockheight=\skip44
\stockwidth=\skip45
\trimtop=\skip46
\trimedge=\skip47
(/usr/local/teTeX/share/texmf.tetex/tex/latex/memoir/mem12.clo
File: mem12.clo 2004/03/12 v0.3 memoir class 12pt size option
)
\spinemargin=\skip48
\foremargin=\skip49
\uppermargin=\skip50
\lowermargin=\skip51
\headdrop=\skip52
\normalrulethickness=\skip53
\headwidth=\skip54
\c@storedpagenumber=\count80
\thanksmarkwidth=\skip55
\thanksmarksep=\skip56
\droptitle=\skip57
\abstitleskip=\skip58
\absleftindent=\skip59
\absrightindent=\skip60
\absparindent=\skip61
\absparsep=\skip62
\c@part=\count81
\c@chapter=\count82
\c@section=\count83
\c@subsection=\count84
\c@subsubsection=\count85
\c@paragraph=\count86
\c@subparagraph=\count87
\beforechapskip=\skip63
\midchapskip=\skip64
\afterchapskip=\skip65
\chapindent=\skip66
\bottomsectionskip=\skip67
\secindent=\skip68
\beforesecskip=\skip69
\aftersecskip=\skip70
\subsecindent=\skip71
\beforesubsecskip=\skip72
\aftersubsecskip=\skip73
\subsubsecindent=\skip74
\beforesubsubsecskip=\skip75
\aftersubsubsecskip=\skip76
\paraindent=\skip77
\beforeparaskip=\skip78
\afterparaskip=\skip79
\subparaindent=\skip80
\beforesubparaskip=\skip81
\aftersubparaskip=\skip82
\pfbreakskip=\skip83
\c@@ppsavesec=\count88
\c@@ppsaveapp=\count89
\ragrparindent=\dimen102
\parsepi=\skip84
\topsepi=\skip85
\itemsepi=\skip86
\parsepii=\skip87
\topsepii=\skip88
\topsepiii=\skip89
\m@msavetopsep=\skip90
\m@msavepartopsep=\skip91
\@enLab=\toks14
\c@vslineno=\count90
\c@poemline=\count91
\c@modulo@vs=\count92
\vleftskip=\skip92
\vrightskip=\skip93
\stanzaskip=\skip94
\versewidth=\skip95
\vgap=\skip96
\vindent=\skip97
\c@verse=\count93
\c@chrsinstr=\count94
\beforepoemtitleskip=\skip98
\afterpoemtitleskip=\skip99
\col@sep=\dimen103
\extrarowheight=\dimen104
\NC@list=\toks15
\extratabsurround=\skip100
\backup@length=\skip101
\TX@col@width=\dimen105
\TX@old@table=\dimen106
\TX@old@col=\dimen107
\TX@target=\dimen108
\TX@delta=\dimen109
\TX@cols=\count95
\TX@ftn=\toks16
\heavyrulewidth=\dimen110
\lightrulewidth=\dimen111
\cmidrulewidth=\dimen112
\belowrulesep=\dimen113
\belowbottomsep=\dimen114
\aboverulesep=\dimen115
\abovetopsep=\dimen116
\cmidrulesep=\dimen117
\cmidrulekern=\dimen118
\defaultaddspace=\dimen119
\@cmidla=\count96
\@cmidlb=\count97
\@aboverulesep=\dimen120
\@belowrulesep=\dimen121
\@thisruleclass=\count98
\@lastruleclass=\count99
\@thisrulewidth=\dimen122
\ctableftskip=\skip102
\ctabrightskip=\skip103
\abovecolumnspenalty=\count100
\@linestogo=\count101
\@cellstogo=\count102
\@cellsincolumn=\count103
\crtok=\toks17
\@mincolumnwidth=\dimen123
\c@newflo@tctr=\count104
\@contcwidth=\skip104
\@contindw=\skip105
\abovecaptionskip=\skip106
\belowcaptionskip=\skip107
\subfloattopskip=\skip108
\subfloatcapskip=\skip109
\subfloatcaptopadj=\skip110
\subfloatbottomskip=\skip111
\subfloatlabelskip=\skip112
\subfloatcapmargin=\dimen124
\c@@contsubnum=\count105
\beforeepigraphskip=\skip113
\afterepigraphskip=\skip114
\epigraphwidth=\skip115
\epigraphrule=\skip116
LaTeX Info: Redefining \emph on input line 4419.
LaTeX Info: Redefining \em on input line 4420.
\tocentryskip=\skip117
\tocbaseline=\skip118
\cftparskip=\skip119
\cftbeforepartskip=\skip120
\cftpartindent=\skip121
\cftpartnumwidth=\skip122
\cftbeforechapterskip=\skip123
\cftchapterindent=\skip124
\cftchapternumwidth=\skip125
\cftbeforesectionskip=\skip126
\cftsectionindent=\skip127
\cftsectionnumwidth=\skip128
\cftbeforesubsectionskip=\skip129
\cftsubsectionindent=\skip130
\cftsubsectionnumwidth=\skip131
\cftbeforesubsubsectionskip=\skip132
\cftsubsubsectionindent=\skip133
\cftsubsubsectionnumwidth=\skip134
\cftbeforeparagraphskip=\skip135
\cftparagraphindent=\skip136
\cftparagraphnumwidth=\skip137
\cftbeforesubparagraphskip=\skip138
\cftsubparagraphindent=\skip139
\cftsubparagraphnumwidth=\skip140
\c@maxsecnumdepth=\count106
\bibindent=\dimen125
\bibitemsep=\skip141
\indexcolsep=\skip142
\indexrule=\skip143
\indexmarkstyle=\toks18
\@indexbox=\insert233
\sideparvshift=\skip144
\sideins=\insert232
\sidebarhsep=\skip145
\sidebarvsep=\skip146
\sidebarwidth=\skip147
\footmarkwidth=\skip148
\footmarksep=\skip149
\footparindent=\skip150
\footinsdim=\skip151
\footinsv@r=\insert231
\@mpfootinsv@r=\insert230
\m@m@k=\count107
\m@m@h=\dimen126
\m@mipn@skip=\skip152
\c@sheetsequence=\count108
\c@lastsheet=\count109
\c@lastpage=\count110
\every@verbatim=\toks19
\afterevery@verbatim=\toks20
\verbatim@line=\toks21
\tab@position=\count111
\verbatim@in@stream=\read1
\verbatimindent=\skip153
\verbatim@out=\write3
\bvboxsep=\skip154
\c@bvlinectr=\count112
\bvnumlength=\skip155
\FrameRule=\dimen127
\FrameSep=\dimen128
\c@cp@cntr=\count113
LaTeX Info: Redefining \: on input line 7541.
LaTeX Info: Redefining \! on input line 7543.
\c@ism@mctr=\count114
\c@xsm@mctr=\count115
\c@csm@mctr=\count116
\c@ksm@mctr=\count117
\c@xksm@mctr=\count118
\c@cksm@mctr=\count119
\c@msm@mctr=\count120
\c@xmsm@mctr=\count121
\c@cmsm@mctr=\count122
\c@bsm@mctr=\count123
\c@workm@mctr=\count124
\c@figure=\count125
\c@lofdepth=\count126
\c@lofdepth=\count126
\cftbeforefigureskip=\skip156
\cftfigureindent=\skip157
\cftfigurenumwidth=\skip158
\c@table=\count126
\c@lotdepth=\count127
\c@lotdepth=\count127
\cftbeforetableskip=\skip159
\cfttableindent=\skip160
\cfttablenumwidth=\skip161

(/usr/local/teTeX/share/texmf.tetex/tex/latex/memoir/mempatch.sty
File: mempatch.sty 2005/02/01 v3.5 Patches for memoir class v1.61
\abs@leftindent=\dimen129
LaTeX Info: Redefining \em on input line 142.
LaTeX Info: Redefining \em on input line 384.
LaTeX Info: Redefining \emph on input line 392.
))
(/usr/local/teTeX/share/texmf.tetex/tex/latex/rotating/rotating.sty
Package: rotating 1997/09/26 v2.13 Rotation package

(/usr/local/teTeX/share/texmf.local/tex/latex/graphics/graphicx.sty
Package: graphicx 1999/02/16 v1.0f Enhanced LaTeX Graphics (DPC,SPQR)

(/usr/local/teTeX/share/texmf.local/tex/latex/graphics/keyval.sty
Package: keyval 1999/03/16 v1.13 key=value parser (DPC)
\KV@toks@=\toks22
)
(/usr/local/teTeX/share/texmf.local/tex/latex/graphics/graphics.sty
Package: graphics 2006/02/20 v1.0o Standard LaTeX Graphics (DPC,SPQR)

(/usr/local/teTeX/share/texmf.local/tex/latex/graphics/trig.sty
Package: trig 1999/03/16 v1.09 sin cos tan (DPC)
)
(/usr/local/teTeX/share/texmf.tetex/tex/latex/graphics/graphics.cfg
File: graphics.cfg 2005/02/03 v1.3 graphics configuration of teTeX/TeXLive
)
Package graphics Info: Driver file: pdftex.def on input line 90.

(/usr/local/teTeX/share/texmf.tetex/tex/latex/graphics/pdftex.def
File: pdftex.def 2002/06/19 v0.03k graphics/color for pdftex
\Gread@gobject=\count127
))
\Gin@req@height=\dimen130
\Gin@req@width=\dimen131
)
(/usr/local/teTeX/share/texmf.local/tex/latex/base/ifthen.sty
Package: ifthen 2001/05/26 v1.1c Standard LaTeX ifthen package (DPC)
)
\c@r@tfl@t=\count128
\rot@float@box=\box26
)
(/usr/local/teTeX/share/texmf.tetex/tex/latex/psfrag/psfrag.sty
Package: psfrag 1998/04/11 v3.04 PSfrag (MCG)
\pfg@pcount=\count129
\pfg@scount=\count130
\pfg@temp=\write4
)
(/usr/local/teTeX/share/texmf.local/tex/latex/graphics/epsfig.sty
Package: epsfig 1999/02/16 v1.7a (e)psfig emulation (SPQR)
\epsfxsize=\dimen132
\epsfysize=\dimen133
)
(/usr/local/teTeX/share/texmf.tetex/tex/latex/amsfonts/amssymb.sty
Package: amssymb 2002/01/22 v2.2d

(/usr/local/teTeX/share/texmf.tetex/tex/latex/amsfonts/amsfonts.sty
Package: amsfonts 2001/10/25 v2.2f
\@emptytoks=\toks23
\symAMSa=\mathgroup4
\symAMSb=\mathgroup5
LaTeX Font Info:    Overwriting math alphabet `\mathfrak' in version `bold'
(Font)                  U/euf/m/n --> U/euf/b/n on input line 132.
))
(/usr/local/teTeX/share/texmf.tetex/tex/latex/hyperref/hyperref.sty
Package: hyperref 2003/11/30 v6.74m Hypertext links for LaTeX
\@linkdim=\dimen134
\Hy@linkcounter=\count131
\Hy@pagecounter=\count132

(/usr/local/teTeX/share/texmf.tetex/tex/latex/hyperref/pd1enc.def
File: pd1enc.def 2003/11/30 v6.74m Hyperref: PDFDocEncoding definition (HO)
)
(/usr/local/teTeX/share/texmf.tetex/tex/latex/hyperref/hyperref.cfg
File: hyperref.cfg 2002/06/06 v1.2 hyperref configuration of TeXLive and teTeX
)
Package hyperref Info: Hyper figures OFF on input line 1880.
Package hyperref Info: Link nesting OFF on input line 1885.
Package hyperref Info: Hyper index ON on input line 1888.
Package hyperref Info: Plain pages ON on input line 1893.
Package hyperref Info: Backreferencing OFF on input line 1900.

Implicit mode ON; LaTeX internals redefined
Package hyperref Info: Bookmarks ON on input line 2004.
(/usr/local/teTeX/share/texmf.tetex/tex/latex/url/url.sty
\Urlmuskip=\muskip10
Package: url 2004/03/15  ver 3.1  Verb mode for urls, etc.
)
LaTeX Info: Redefining \url on input line 2143.
\Fld@menulength=\count133
\Field@Width=\dimen135
\Fld@charsize=\dimen136
\Choice@toks=\toks24
\Field@toks=\toks25
Package hyperref Info: Hyper figures OFF on input line 2618.
Package hyperref Info: Link nesting OFF on input line 2623.
Package hyperref Info: Hyper index ON on input line 2626.
Package hyperref Info: backreferencing OFF on input line 2633.
Package hyperref Info: Link coloring OFF on input line 2638.
\c@Item=\count134
)
*hyperref using default driver hpdftex*
(/usr/local/teTeX/share/texmf.tetex/tex/latex/hyperref/hpdftex.def
File: hpdftex.def 2003/11/30 v6.74m Hyperref driver for pdfTeX

(/usr/local/teTeX/share/texmf.tetex/tex/latex/psnfss/pifont.sty
Package: pifont 2004/09/15 PSNFSS-v9.2 Pi font support (SPQR) 
LaTeX Font Info:    Try loading font information for U+pzd on input line 63.

(/usr/local/teTeX/share/texmf.tetex/tex/latex/psnfss/upzd.fd
File: upzd.fd 2001/06/04 font definitions for U/pzd.
)
LaTeX Font Info:    Try loading font information for U+psy on input line 64.

(/usr/local/teTeX/share/texmf.tetex/tex/latex/psnfss/upsy.fd
File: upsy.fd 2001/06/04 font definitions for U/psy.
))
\Fld@listcount=\count135
\@outlinefile=\write5
)
(/usr/local/teTeX/share/texmf.local/tex/latex/graphics/color.sty
Package: color 2005/11/14 v1.0j Standard LaTeX Color (DPC)

(/usr/local/teTeX/share/texmf.tetex/tex/latex/graphics/color.cfg
File: color.cfg 2005/02/03 v1.3 color configuration of teTeX/TeXLive
)
Package color Info: Driver file: pdftex.def on input line 130.
)
(./resubmit.aux)
\openout1 = `resubmit.aux'.

LaTeX Font Info:    Checking defaults for OML/cmm/m/it on input line 12.
LaTeX Font Info:    ... okay on input line 12.
LaTeX Font Info:    Checking defaults for T1/cmr/m/n on input line 12.
LaTeX Font Info:    ... okay on input line 12.
LaTeX Font Info:    Checking defaults for OT1/cmr/m/n on input line 12.
LaTeX Font Info:    ... okay on input line 12.
LaTeX Font Info:    Checking defaults for OMS/cmsy/m/n on input line 12.
LaTeX Font Info:    ... okay on input line 12.
LaTeX Font Info:    Checking defaults for OMX/cmex/m/n on input line 12.
LaTeX Font Info:    ... okay on input line 12.
LaTeX Font Info:    Checking defaults for U/cmr/m/n on input line 12.
LaTeX Font Info:    ... okay on input line 12.
LaTeX Font Info:    Checking defaults for PD1/pdf/m/n on input line 12.
LaTeX Font Info:    ... okay on input line 12.
\c@lofdepth=\count136
\c@lotdepth=\count137

(/usr/local/teTeX/share/texmf.local/tex/context/base/supp-pdf.tex
(/usr/local/teTeX/share/texmf.local/tex/context/base/supp-mis.tex
loading : Context Support Macros / Miscellaneous (2004.10.26)
\protectiondepth=\count138
\scratchcounter=\count139
\scratchtoks=\toks26
\scratchdimen=\dimen137
\scratchskip=\skip162
\scratchmuskip=\muskip11
\scratchbox=\box27
\scratchread=\read2
\scratchwrite=\write6
\zeropoint=\dimen138
\onepoint=\dimen139
\onebasepoint=\dimen140
\minusone=\count140
\thousandpoint=\dimen141
\onerealpoint=\dimen142
\emptytoks=\toks27
\nextbox=\box28
\nextdepth=\dimen143
\everyline=\toks28
\!!counta=\count141
\!!countb=\count142
\recursecounter=\count143
)
loading : Context Support Macros / PDF (2004.03.26)
\nofMPsegments=\count144
\nofMParguments=\count145
\MPscratchCnt=\count146
\MPscratchDim=\dimen144
\MPnumerator=\count147
\everyMPtoPDFconversion=\toks29
)
Package hyperref Info: Link coloring OFF on input line 12.
 (/usr/local/teTeX/share/texmf.tetex/tex/latex/hyperref/nameref.sty
Package: nameref 2003/12/03 v2.21 Cross-referencing by name of section
\c@section@level=\count148
)
LaTeX Info: Redefining \ref on input line 12.
LaTeX Info: Redefining \pageref on input line 12.

(./resubmit.out) (./resubmit.out)
\openout5 = `resubmit.out'.

LaTeX Font Info:    Try loading font information for U+msa on input line 16.

(/usr/local/teTeX/share/texmf.tetex/tex/latex/amsfonts/umsa.fd
File: umsa.fd 2002/01/19 v2.2g AMS font definitions
)
LaTeX Font Info:    Try loading font information for U+msb on input line 16.

(/usr/local/teTeX/share/texmf.tetex/tex/latex/amsfonts/umsb.fd
File: umsb.fd 2002/01/19 v2.2g AMS font definitions
) [1
Non-PDF special ignored!

{/usr/local/teTeX/share/texmf.local/fonts/map/pdftex/updmap/pdftex.map}] (./res
ubmit.aux) ) 
Here is how much of TeX's memory you used:
 5040 strings out of 95125
 66358 string characters out of 1182970
 2140646 words of memory out of 4595399
 8166 multiletter control sequences out of 10000+50000
 10236 words of font info for 38 fonts, out of 2000000 for 2000
 58 hyphenation exceptions out of 5000
 32i,11n,24p,242b,226s stack positions out of 5000i,500n,6000p,200000b,40000s
PDF statistics:
 39 PDF objects out of 300000
 3 named destinations out of 131072
 17 words of extra memory for PDF output out of 10000
</usr/local/teTeX/share/texmf.tetex/fonts/type1/bluesky/symbols/msa
m10.pfb></usr/local/teTeX/share/texmf.tetex/fonts/type1/bluesky/cm/cmmi8.pfb></
usr/local/teTeX/share/texmf.tetex/fonts/type1/bluesky/cm/cmsy10.pfb></usr/local
/teTeX/share/texmf.tetex/fonts/type1/bluesky/cm/cmsy8.pfb></usr/local/teTeX/sha
re/texmf.tetex/fonts/type1/bluesky/cm/cmti12.pfb></usr/local/teTeX/share/texmf.
tetex/fonts/type1/bluesky/cm/cmr8.pfb></usr/local/teTeX/share/texmf.tetex/fonts
/type1/bluesky/cm/cmmi12.pfb></usr/local/teTeX/share/texmf.tetex/fonts/type1/bl
uesky/cm/cmr12.pfb></usr/local/teTeX/share/texmf.tetex/fonts/type1/bluesky/cm/c
mbx12.pfb>
Output written on resubmit.pdf (1 page, 33983 bytes).
