This is pdfeTeX, Version 3.141592-1.30.4-2.2 (Web2C 7.5.5) (format=pdflatex 2006.6.8)  8 DEC 2006 12:42
entering extended mode
\write18 enabled.
**blank.tex
(./blank.tex
LaTeX2e <2005/12/01>
Babel <v3.8d> and hyphenation patterns for american, french, german, ngerman, d
utch, italian, norsk, portuges, spanish, swedish, nohyphenation, loaded.
(/usr/local/teTeX/share/texmf.local/tex/latex/base/report.cls
Document Class: report 2005/09/16 v1.4f Standard LaTeX document class
(/usr/local/teTeX/share/texmf.local/tex/latex/base/size10.clo
File: size10.clo 2005/09/16 v1.4f Standard LaTeX file (size option)
)
\c@part=\count79
\c@chapter=\count80
\c@section=\count81
\c@subsection=\count82
\c@subsubsection=\count83
\c@paragraph=\count84
\c@subparagraph=\count85
\c@figure=\count86
\c@table=\count87
\abovecaptionskip=\skip41
\belowcaptionskip=\skip42
\bibindent=\dimen102
)
(/usr/local/teTeX/share/texmf.tetex/tex/latex/rotating/rotating.sty
Package: rotating 1997/09/26 v2.13 Rotation package

(/usr/local/teTeX/share/texmf.local/tex/latex/graphics/graphicx.sty
Package: graphicx 1999/02/16 v1.0f Enhanced LaTeX Graphics (DPC,SPQR)

(/usr/local/teTeX/share/texmf.local/tex/latex/graphics/keyval.sty
Package: keyval 1999/03/16 v1.13 key=value parser (DPC)
\KV@toks@=\toks14
)
(/usr/local/teTeX/share/texmf.local/tex/latex/graphics/graphics.sty
Package: graphics 2006/02/20 v1.0o Standard LaTeX Graphics (DPC,SPQR)

(/usr/local/teTeX/share/texmf.local/tex/latex/graphics/trig.sty
Package: trig 1999/03/16 v1.09 sin cos tan (DPC)
)
(/usr/local/teTeX/share/texmf.tetex/tex/latex/graphics/graphics.cfg
File: graphics.cfg 2005/02/03 v1.3 graphics configuration of teTeX/TeXLive
)
Package graphics Info: Driver file: pdftex.def on input line 90.

(/usr/local/teTeX/share/texmf.tetex/tex/latex/graphics/pdftex.def
File: pdftex.def 2002/06/19 v0.03k graphics/color for pdftex
\Gread@gobject=\count88
))
\Gin@req@height=\dimen103
\Gin@req@width=\dimen104
)
(/usr/local/teTeX/share/texmf.local/tex/latex/base/ifthen.sty
Package: ifthen 2001/05/26 v1.1c Standard LaTeX ifthen package (DPC)
)
\c@r@tfl@t=\count89
\rot@float@box=\box26
)
(/usr/local/teTeX/share/texmf.tetex/tex/latex/psfrag/psfrag.sty
Package: psfrag 1998/04/11 v3.04 PSfrag (MCG)
\pfg@pcount=\count90
\pfg@scount=\count91
\pfg@temp=\write3
)
(/usr/local/teTeX/share/texmf.local/tex/latex/graphics/epsfig.sty
Package: epsfig 1999/02/16 v1.7a (e)psfig emulation (SPQR)
\epsfxsize=\dimen105
\epsfysize=\dimen106
)
(/usr/local/teTeX/share/texmf.tetex/tex/latex/amsfonts/amssymb.sty
Package: amssymb 2002/01/22 v2.2d

(/usr/local/teTeX/share/texmf.tetex/tex/latex/amsfonts/amsfonts.sty
Package: amsfonts 2001/10/25 v2.2f
\@emptytoks=\toks15
\symAMSa=\mathgroup4
\symAMSb=\mathgroup5
LaTeX Font Info:    Overwriting math alphabet `\mathfrak' in version `bold'
(Font)                  U/euf/m/n --> U/euf/b/n on input line 132.
))
(/usr/local/teTeX/share/texmf.tetex/tex/latex/amsmath/amsmath.sty
Package: amsmath 2000/07/18 v2.13 AMS math features
\@mathmargin=\skip43

For additional information on amsmath, use the `?' option.
(/usr/local/teTeX/share/texmf.tetex/tex/latex/amsmath/amstext.sty
Package: amstext 2000/06/29 v2.01

(/usr/local/teTeX/share/texmf.tetex/tex/latex/amsmath/amsgen.sty
File: amsgen.sty 1999/11/30 v2.0
\@emptytoks=\toks16
\ex@=\dimen107
))
(/usr/local/teTeX/share/texmf.tetex/tex/latex/amsmath/amsbsy.sty
Package: amsbsy 1999/11/29 v1.2d
\pmbraise@=\dimen108
)
(/usr/local/teTeX/share/texmf.tetex/tex/latex/amsmath/amsopn.sty
Package: amsopn 1999/12/14 v2.01 operator names
)
\inf@bad=\count92
LaTeX Info: Redefining \frac on input line 211.
\uproot@=\count93
\leftroot@=\count94
LaTeX Info: Redefining \overline on input line 307.
\classnum@=\count95
\DOTSCASE@=\count96
LaTeX Info: Redefining \ldots on input line 379.
LaTeX Info: Redefining \dots on input line 382.
LaTeX Info: Redefining \cdots on input line 467.
\Mathstrutbox@=\box27
\strutbox@=\box28
\big@size=\dimen109
LaTeX Font Info:    Redeclaring font encoding OML on input line 567.
LaTeX Font Info:    Redeclaring font encoding OMS on input line 568.
\macc@depth=\count97
\c@MaxMatrixCols=\count98
\dotsspace@=\muskip10
\c@parentequation=\count99
\dspbrk@lvl=\count100
\tag@help=\toks17
\row@=\count101
\column@=\count102
\maxfields@=\count103
\andhelp@=\toks18
\eqnshift@=\dimen110
\alignsep@=\dimen111
\tagshift@=\dimen112
\tagwidth@=\dimen113
\totwidth@=\dimen114
\lineht@=\dimen115
\@envbody=\toks19
\multlinegap=\skip44
\multlinetaggap=\skip45
\mathdisplay@stack=\toks20
LaTeX Info: Redefining \[ on input line 2666.
LaTeX Info: Redefining \] on input line 2667.
)
(/usr/local/teTeX/share/texmf.tetex/tex/latex/subfigure/subfigure.sty
Package: subfigure 2002/07/30 v2.1.4 subfigure package
\subfigtopskip=\skip46
\subfigcapskip=\skip47
\subfigcaptopadj=\dimen116
\subfigbottomskip=\skip48
\subfigcapmargin=\dimen117
\subfiglabelskip=\skip49
\c@subfigure=\count104
\c@lofdepth=\count105
\c@subtable=\count106
\c@lotdepth=\count107

****************************************
* Local config file subfigure.cfg used *
****************************************
(/usr/local/teTeX/share/texmf.tetex/tex/latex/subfigure/subfigure.cfg)
\subfig@top=\skip50
\subfig@bottom=\skip51
)
(./blank.aux)
\openout1 = `blank.aux'.

LaTeX Font Info:    Checking defaults for OML/cmm/m/it on input line 14.
LaTeX Font Info:    ... okay on input line 14.
LaTeX Font Info:    Checking defaults for T1/cmr/m/n on input line 14.
LaTeX Font Info:    ... okay on input line 14.
LaTeX Font Info:    Checking defaults for OT1/cmr/m/n on input line 14.
LaTeX Font Info:    ... okay on input line 14.
LaTeX Font Info:    Checking defaults for OMS/cmsy/m/n on input line 14.
LaTeX Font Info:    ... okay on input line 14.
LaTeX Font Info:    Checking defaults for OMX/cmex/m/n on input line 14.
LaTeX Font Info:    ... okay on input line 14.
LaTeX Font Info:    Checking defaults for U/cmr/m/n on input line 14.
LaTeX Font Info:    ... okay on input line 14.
 (/usr/local/teTeX/share/texmf.local/tex/context/base/supp-pdf.tex (/usr/local/
teTeX/share/texmf.local/tex/context/base/supp-mis.tex
loading : Context Support Macros / Miscellaneous (2004.10.26)
\protectiondepth=\count108
\scratchcounter=\count109
\scratchtoks=\toks21
\scratchdimen=\dimen118
\scratchskip=\skip52
\scratchmuskip=\muskip11
\scratchbox=\box29
\scratchread=\read1
\scratchwrite=\write4
\zeropoint=\dimen119
\onepoint=\dimen120
\onebasepoint=\dimen121
\minusone=\count110
\thousandpoint=\dimen122
\onerealpoint=\dimen123
\emptytoks=\toks22
\nextbox=\box30
\nextdepth=\dimen124
\everyline=\toks23
\!!counta=\count111
\!!countb=\count112
\recursecounter=\count113
)
loading : Context Support Macros / PDF (2004.03.26)
\nofMPsegments=\count114
\nofMParguments=\count115
\MPscratchCnt=\count116
\MPscratchDim=\dimen125
\MPnumerator=\count117
\everyMPtoPDFconversion=\toks24
)
LaTeX Font Info:    Try loading font information for U+msa on input line 16.
 (/usr/local/teTeX/share/texmf.tetex/tex/latex/amsfonts/umsa.fd
File: umsa.fd 2002/01/19 v2.2g AMS font definitions
)
LaTeX Font Info:    Try loading font information for U+msb on input line 16.

(/usr/local/teTeX/share/texmf.tetex/tex/latex/amsfonts/umsb.fd
File: umsb.fd 2002/01/19 v2.2g AMS font definitions
) [1
Non-PDF special ignored!

{/usr/local/teTeX/share/texmf.local/fonts/map/pdftex/updmap/pdftex.map}] [1]
Missing character: There is no Ê in font cmtt10!
Missing character: There is no Ê in font cmtt10!
 [2]
Overfull \hbox (92.60478pt too wide) in paragraph at lines 197--197
[]\OT1/cmtt/m/n/10 (MG 3)   (GL 3)   (CG 7)   (NC 5)   (US 3)   (YS 5)   (SF 4)
   (SF 4)   (CY 4)   (GY 4)   (IC 3)   (YS 5)   (SI 3)[] 
 []


Overfull \hbox (92.60478pt too wide) in paragraph at lines 197--197
[]\OT1/cmtt/m/n/10 (CK 5)   (KU 3)   (GK 4)   (MG 3)   (GO 5)   (IC 3)   (CG 7)
   (NC 5)   (CG 7)   (AC 5)   (CK 5)   (KS 3)   (AC 5)[] 
 []


Overfull \hbox (92.60478pt too wide) in paragraph at lines 197--197
[]\OT1/cmtt/m/n/10 (CY 4)   (CK 5)   (XE 3)   (CJ 3)   (CK 5)   (KS 3)   (SH 3)
   (YS 5)   (XC 3)   (CG 7)   (GO 5)   (OI 3)   (ZC 7)[] 
 []


Overfull \hbox (92.60478pt too wide) in paragraph at lines 197--197
[]\OT1/cmtt/m/n/10 (CN 5)   (KS 3)   (SH 3)   (IC 3)   (CG 7)   (GK 4)   (KG 3)
   (GK 4)   (KG 3)   (GO 5)   (SI 3)   (KG 3)   (GO 5)[] 
 []


Overfull \hbox (92.60478pt too wide) in paragraph at lines 197--197
[]\OT1/cmtt/m/n/10 (OI 3)   (US 3)   (SI 3)   (GL 3)   (FZ 4)   (ZC 7)   (CC 3)
   (CN 5)   (GY 4)   (YS 5)   (SF 4)   (US 3)   (ZC 7)[] 
 []


Overfull \hbox (92.60478pt too wide) in paragraph at lines 197--197
[]\OT1/cmtt/m/n/10 (CN 5)   (XE 3)   (NC 5)   (CG 7)   (GY 4)   (XE 3)   (AC 5)
   (CG 7)   (GL 3)   (AC 5)   (CI 3)   (GO 5)   (OI 3)[] 
 []


Overfull \hbox (92.60478pt too wide) in paragraph at lines 197--197
[]\OT1/cmtt/m/n/10 (CK 5)   (XC 3)   (CJ 3)   (CI 3)   (ZC 7)   (FZ 4)   (ZC 7)
   (CC 3)   (CN 5)   (GY 4)   (YS 5)   (SF 4)   (KU 3)[] 
 []


Overfull \hbox (92.60478pt too wide) in paragraph at lines 197--197
[]\OT1/cmtt/m/n/10 (ZC 7)   (FZ 4)   (ZC 7)   (CC 3)   (CN 5)   (NC 5)   (CI 3)
   (AC 5)   (ZE 3)   (NC 5)   (SH 3)   (FZ 4)   (ZE 3)[] 
 []

[3]
Overfull \hbox (3.35556pt too wide) in paragraph at lines 197--197
[]\OT1/cmtt/m/n/10 (YSF 3)  (CYK 2)  (JCK 2)  (GOL 2)  (ICG 2)  (CGI 2)  (NCG 2
)  (GAC 2)  (CKS 2)  (SAC 2)  (CYK 2)[] 
 []


Overfull \hbox (3.35556pt too wide) in paragraph at lines 197--197
[]\OT1/cmtt/m/n/10 (CKX 2)  (JCK 2)  (CKS 2)  (KSH 2)  (GOI 3)  (ZCN 2)  (KSH 2
)  (ICG 2)  (CGI 2)  (KGO 2)  (GOL 2)[] 
 []


Overfull \hbox (3.35556pt too wide) in paragraph at lines 197--197
[]\OT1/cmtt/m/n/10 (KGO 2)  (GOI 3)  (FZC 3)  (ZCC 3)  (CCN 3)  (CND 2)  (NDG 2
)  (DGY 2)  (GYY 2)  (YYS 2)  (YSF 3)[] 
 []


Overfull \hbox (3.35556pt too wide) in paragraph at lines 197--197
[]\OT1/cmtt/m/n/10 (ZCN 2)  (JNC 2)  (NCG 2)  (GAC 2)  (SAC 2)  (GOI 3)  (CKX 2
)  (CJU 2)  (UZC 2)  (CFZ 2)  (FZC 3)[] 
 []


Overfull \hbox (3.35556pt too wide) in paragraph at lines 197--197
[]\OT1/cmtt/m/n/10 (ZCC 3)  (CCN 3)  (CND 2)  (NDG 2)  (DGY 2)  (GYY 2)  (YYS 2
)  (YSF 3)  (UZC 2)  (CFZ 2)  (FZC 3)[] 
 []

[4]
Overfull \hbox (8.60551pt too wide) in paragraph at lines 346--346
[]    \OT1/cmtt/m/n/10 return seq(evalf[2](Ic(seq(cat(seq(Citxt[n*i+j],i=0..len
gth(Citxt)/n-1)),j=1..n)[k])),k=1..n);[] 
 []

[5] [6] [7] [8]
Overfull \hbox (8.60551pt too wide) in paragraph at lines 615--615
[]    \OT1/cmtt/m/n/10 return seq(evalf[2](Ic(seq(cat(seq(Citxt[n*i+j],i=0..len
gth(Citxt)/n-1)),j=1..n)[k])),k=1..n);[] 
 []

[9] [10] [11]
Overfull \hbox (8.60551pt too wide) in paragraph at lines 671--671
[]    \OT1/cmtt/m/n/10 return seq(evalf[2](Ic(seq(cat(seq(Citxt[n*i+j],i=0..len
gth(Citxt)/n-1)),j=1..n)[k])),k=1..n);[] 
 []

[12] [13] (./blank.aux) ) 
Here is how much of TeX's memory you used:
 2170 strings out of 95125
 26244 string characters out of 1182970
 2072512 words of memory out of 4527265
 5315 multiletter control sequences out of 10000+50000
 11104 words of font info for 45 fonts, out of 2000000 for 2000
 58 hyphenation exceptions out of 5000
 32i,6n,24p,427b,234s stack positions out of 5000i,500n,6000p,200000b,40000s
PDF statistics:
 78 PDF objects out of 300000
 0 named destinations out of 131072
 1 words of extra memory for PDF output out of 10000
</usr/local/teTeX/share/texmf.tetex/fonts/type1/bluesk
y/cm/cmmi7.pfb></usr/local/teTeX/share/texmf.tetex/fonts/type1/bluesky/cm/cmsy7
.pfb></usr/local/teTeX/share/texmf.tetex/fonts/type1/bluesky/symbols/msbm10.pfb
></usr/local/teTeX/share/texmf.tetex/fonts/type1/bluesky/cm/cmtt10.pfb></usr/lo
cal/teTeX/share/texmf.tetex/fonts/type1/bluesky/cm/cmr7.pfb></usr/local/teTeX/s
hare/texmf.tetex/fonts/type1/bluesky/cm/cmsy10.pfb></usr/local/teTeX/share/texm
f.tetex/fonts/type1/bluesky/cm/cmmi10.pfb></usr/local/teTeX/share/texmf.tetex/f
onts/type1/bluesky/cm/cmr10.pfb></usr/local/teTeX/share/texmf.tetex/fonts/type1
/bluesky/cm/cmbx10.pfb></usr/local/teTeX/share/texmf.tetex/fonts/type1/bluesky/
cm/cmr12.pfb></usr/local/teTeX/share/texmf.tetex/fonts/type1/bluesky/cm/cmr17.p
fb>
Output written on blank.pdf (14 pages, 94000 bytes).
